{"C:\\Users\\BerkayKarakoc\\Desktop\\todo\\services\\api\\index.js": {"path":"C:\\Users\\BerkayKarakoc\\Desktop\\todo\\services\\api\\index.js","statementMap":{"0":{"start":{"line":1,"column":0},"end":{"line":1,"column":27}},"1":{"start":{"line":3,"column":15},"end":{"line":3,"column":41}},"2":{"start":{"line":5,"column":13},"end":{"line":5,"column":29}},"3":{"start":{"line":7,"column":0},"end":{"line":11,"column":1}},"4":{"start":{"line":8,"column":4},"end":{"line":10,"column":7}},"5":{"start":{"line":9,"column":8},"end":{"line":9,"column":66}},"6":{"start":{"line":13,"column":0},"end":{"line":13,"column":24}}},"fnMap":{"0":{"name":"(anonymous_0)","decl":{"start":{"line":8,"column":24},"end":{"line":8,"column":25}},"loc":{"start":{"line":8,"column":30},"end":{"line":10,"column":5}},"line":8}},"branchMap":{"0":{"loc":{"start":{"line":7,"column":0},"end":{"line":11,"column":1}},"type":"if","locations":[{"start":{"line":7,"column":0},"end":{"line":11,"column":1}},{"start":{"line":7,"column":0},"end":{"line":11,"column":1}}],"line":7}},"s":{"0":1,"1":1,"2":1,"3":1,"4":0,"5":0,"6":1},"f":{"0":0},"b":{"0":[0,1]},"_coverageSchema":"1a1c01bbd47fc00a2c39e90264f33305004495a9","hash":"bad16b436da6636abc773af9ef1e18d4ec2a6ca1"}
,"C:\\Users\\BerkayKarakoc\\Desktop\\todo\\services\\api\\connections\\database-connection.js": {"path":"C:\\Users\\BerkayKarakoc\\Desktop\\todo\\services\\api\\connections\\database-connection.js","statementMap":{"0":{"start":{"line":1,"column":17},"end":{"line":1,"column":36}},"1":{"start":{"line":3,"column":0},"end":{"line":6,"column":3}},"2":{"start":{"line":8,"column":13},"end":{"line":8,"column":32}},"3":{"start":{"line":10,"column":0},"end":{"line":10,"column":74}},"4":{"start":{"line":10,"column":28},"end":{"line":10,"column":72}},"5":{"start":{"line":11,"column":0},"end":{"line":13,"column":2}},"6":{"start":{"line":12,"column":4},"end":{"line":12,"column":59}},"7":{"start":{"line":15,"column":0},"end":{"line":15,"column":26}}},"fnMap":{"0":{"name":"(anonymous_0)","decl":{"start":{"line":10,"column":17},"end":{"line":10,"column":18}},"loc":{"start":{"line":10,"column":28},"end":{"line":10,"column":72}},"line":10},"1":{"name":"(anonymous_1)","decl":{"start":{"line":11,"column":18},"end":{"line":11,"column":19}},"loc":{"start":{"line":12,"column":4},"end":{"line":12,"column":59}},"line":12}},"branchMap":{},"s":{"0":1,"1":1,"2":1,"3":1,"4":0,"5":1,"6":1,"7":1},"f":{"0":0,"1":1},"b":{},"_coverageSchema":"1a1c01bbd47fc00a2c39e90264f33305004495a9","hash":"7a4bbcfe8878343500b94a05c9d1e913b7b07163"}
,"C:\\Users\\BerkayKarakoc\\Desktop\\todo\\services\\api\\controllers\\todo-controller.js": {"path":"C:\\Users\\BerkayKarakoc\\Desktop\\todo\\services\\api\\controllers\\todo-controller.js","statementMap":{"0":{"start":{"line":1,"column":13},"end":{"line":1,"column":41}},"1":{"start":{"line":4,"column":20},"end":{"line":9,"column":1}},"2":{"start":{"line":4,"column":28},"end":{"line":9,"column":1}},"3":{"start":{"line":5,"column":4},"end":{"line":8,"column":7}},"4":{"start":{"line":6,"column":8},"end":{"line":6,"column":68}},"5":{"start":{"line":6,"column":17},"end":{"line":6,"column":68}},"6":{"start":{"line":7,"column":8},"end":{"line":7,"column":31}},"7":{"start":{"line":12,"column":19},"end":{"line":19,"column":1}},"8":{"start":{"line":12,"column":27},"end":{"line":19,"column":1}},"9":{"start":{"line":13,"column":21},"end":{"line":13,"column":29}},"10":{"start":{"line":14,"column":20},"end":{"line":14,"column":44}},"11":{"start":{"line":15,"column":4},"end":{"line":18,"column":7}},"12":{"start":{"line":16,"column":8},"end":{"line":16,"column":62}},"13":{"start":{"line":16,"column":17},"end":{"line":16,"column":62}},"14":{"start":{"line":17,"column":8},"end":{"line":17,"column":33}},"15":{"start":{"line":22,"column":16},"end":{"line":28,"column":1}},"16":{"start":{"line":22,"column":24},"end":{"line":28,"column":1}},"17":{"start":{"line":23,"column":19},"end":{"line":23,"column":29}},"18":{"start":{"line":24,"column":4},"end":{"line":27,"column":7}},"19":{"start":{"line":25,"column":8},"end":{"line":25,"column":58}},"20":{"start":{"line":25,"column":17},"end":{"line":25,"column":58}},"21":{"start":{"line":26,"column":8},"end":{"line":26,"column":30}},"22":{"start":{"line":31,"column":18},"end":{"line":41,"column":1}},"23":{"start":{"line":31,"column":26},"end":{"line":41,"column":1}},"24":{"start":{"line":32,"column":19},"end":{"line":32,"column":29}},"25":{"start":{"line":33,"column":4},"end":{"line":40,"column":7}},"26":{"start":{"line":34,"column":8},"end":{"line":34,"column":58}},"27":{"start":{"line":34,"column":17},"end":{"line":34,"column":58}},"28":{"start":{"line":35,"column":8},"end":{"line":35,"column":37}},"29":{"start":{"line":36,"column":8},"end":{"line":39,"column":11}},"30":{"start":{"line":37,"column":12},"end":{"line":37,"column":68}},"31":{"start":{"line":37,"column":21},"end":{"line":37,"column":68}},"32":{"start":{"line":38,"column":12},"end":{"line":38,"column":49}},"33":{"start":{"line":44,"column":19},"end":{"line":50,"column":1}},"34":{"start":{"line":44,"column":27},"end":{"line":50,"column":1}},"35":{"start":{"line":45,"column":19},"end":{"line":45,"column":29}},"36":{"start":{"line":46,"column":4},"end":{"line":49,"column":7}},"37":{"start":{"line":47,"column":8},"end":{"line":47,"column":65}},"38":{"start":{"line":47,"column":17},"end":{"line":47,"column":65}},"39":{"start":{"line":48,"column":8},"end":{"line":48,"column":37}},"40":{"start":{"line":52,"column":0},"end":{"line":58,"column":2}}},"fnMap":{"0":{"name":"(anonymous_0)","decl":{"start":{"line":4,"column":20},"end":{"line":4,"column":21}},"loc":{"start":{"line":4,"column":28},"end":{"line":9,"column":1}},"line":4},"1":{"name":"(anonymous_1)","decl":{"start":{"line":4,"column":28},"end":{"line":4,"column":29}},"loc":{"start":{"line":4,"column":42},"end":{"line":9,"column":1}},"line":4},"2":{"name":"(anonymous_2)","decl":{"start":{"line":5,"column":18},"end":{"line":5,"column":19}},"loc":{"start":{"line":5,"column":34},"end":{"line":8,"column":5}},"line":5},"3":{"name":"(anonymous_3)","decl":{"start":{"line":12,"column":19},"end":{"line":12,"column":20}},"loc":{"start":{"line":12,"column":27},"end":{"line":19,"column":1}},"line":12},"4":{"name":"(anonymous_4)","decl":{"start":{"line":12,"column":27},"end":{"line":12,"column":28}},"loc":{"start":{"line":12,"column":41},"end":{"line":19,"column":1}},"line":12},"5":{"name":"(anonymous_5)","decl":{"start":{"line":15,"column":17},"end":{"line":15,"column":18}},"loc":{"start":{"line":15,"column":35},"end":{"line":18,"column":5}},"line":15},"6":{"name":"(anonymous_6)","decl":{"start":{"line":22,"column":16},"end":{"line":22,"column":17}},"loc":{"start":{"line":22,"column":24},"end":{"line":28,"column":1}},"line":22},"7":{"name":"(anonymous_7)","decl":{"start":{"line":22,"column":24},"end":{"line":22,"column":25}},"loc":{"start":{"line":22,"column":38},"end":{"line":28,"column":1}},"line":22},"8":{"name":"(anonymous_8)","decl":{"start":{"line":24,"column":22},"end":{"line":24,"column":23}},"loc":{"start":{"line":24,"column":37},"end":{"line":27,"column":5}},"line":24},"9":{"name":"(anonymous_9)","decl":{"start":{"line":31,"column":18},"end":{"line":31,"column":19}},"loc":{"start":{"line":31,"column":26},"end":{"line":41,"column":1}},"line":31},"10":{"name":"(anonymous_10)","decl":{"start":{"line":31,"column":26},"end":{"line":31,"column":27}},"loc":{"start":{"line":31,"column":40},"end":{"line":41,"column":1}},"line":31},"11":{"name":"(anonymous_11)","decl":{"start":{"line":33,"column":22},"end":{"line":33,"column":23}},"loc":{"start":{"line":33,"column":37},"end":{"line":40,"column":5}},"line":33},"12":{"name":"(anonymous_12)","decl":{"start":{"line":36,"column":18},"end":{"line":36,"column":19}},"loc":{"start":{"line":36,"column":40},"end":{"line":39,"column":9}},"line":36},"13":{"name":"(anonymous_13)","decl":{"start":{"line":44,"column":19},"end":{"line":44,"column":20}},"loc":{"start":{"line":44,"column":27},"end":{"line":50,"column":1}},"line":44},"14":{"name":"(anonymous_14)","decl":{"start":{"line":44,"column":27},"end":{"line":44,"column":28}},"loc":{"start":{"line":44,"column":41},"end":{"line":50,"column":1}},"line":44},"15":{"name":"(anonymous_15)","decl":{"start":{"line":46,"column":31},"end":{"line":46,"column":32}},"loc":{"start":{"line":46,"column":53},"end":{"line":49,"column":5}},"line":46}},"branchMap":{"0":{"loc":{"start":{"line":6,"column":8},"end":{"line":6,"column":68}},"type":"if","locations":[{"start":{"line":6,"column":8},"end":{"line":6,"column":68}},{"start":{"line":6,"column":8},"end":{"line":6,"column":68}}],"line":6},"1":{"loc":{"start":{"line":16,"column":8},"end":{"line":16,"column":62}},"type":"if","locations":[{"start":{"line":16,"column":8},"end":{"line":16,"column":62}},{"start":{"line":16,"column":8},"end":{"line":16,"column":62}}],"line":16},"2":{"loc":{"start":{"line":25,"column":8},"end":{"line":25,"column":58}},"type":"if","locations":[{"start":{"line":25,"column":8},"end":{"line":25,"column":58}},{"start":{"line":25,"column":8},"end":{"line":25,"column":58}}],"line":25},"3":{"loc":{"start":{"line":34,"column":8},"end":{"line":34,"column":58}},"type":"if","locations":[{"start":{"line":34,"column":8},"end":{"line":34,"column":58}},{"start":{"line":34,"column":8},"end":{"line":34,"column":58}}],"line":34},"4":{"loc":{"start":{"line":37,"column":12},"end":{"line":37,"column":68}},"type":"if","locations":[{"start":{"line":37,"column":12},"end":{"line":37,"column":68}},{"start":{"line":37,"column":12},"end":{"line":37,"column":68}}],"line":37},"5":{"loc":{"start":{"line":47,"column":8},"end":{"line":47,"column":65}},"type":"if","locations":[{"start":{"line":47,"column":8},"end":{"line":47,"column":65}},{"start":{"line":47,"column":8},"end":{"line":47,"column":65}}],"line":47}},"s":{"0":1,"1":1,"2":1,"3":3,"4":3,"5":0,"6":3,"7":1,"8":1,"9":6,"10":6,"11":6,"12":6,"13":1,"14":5,"15":1,"16":1,"17":2,"18":2,"19":2,"20":1,"21":1,"22":1,"23":1,"24":2,"25":2,"26":2,"27":1,"28":1,"29":1,"30":1,"31":0,"32":1,"33":1,"34":1,"35":2,"36":2,"37":2,"38":1,"39":1,"40":1},"f":{"0":1,"1":3,"2":3,"3":1,"4":6,"5":6,"6":1,"7":2,"8":2,"9":1,"10":2,"11":2,"12":1,"13":1,"14":2,"15":2},"b":{"0":[0,3],"1":[1,5],"2":[1,1],"3":[1,1],"4":[0,1],"5":[1,1]},"_coverageSchema":"1a1c01bbd47fc00a2c39e90264f33305004495a9","hash":"79494629799aaf29016cb6fd0db194324daa767b"}
,"C:\\Users\\BerkayKarakoc\\Desktop\\todo\\services\\api\\models\\Todo.js": {"path":"C:\\Users\\BerkayKarakoc\\Desktop\\todo\\services\\api\\models\\Todo.js","statementMap":{"0":{"start":{"line":1,"column":17},"end":{"line":1,"column":36}},"1":{"start":{"line":3,"column":19},"end":{"line":12,"column":2}},"2":{"start":{"line":14,"column":0},"end":{"line":14,"column":52}}},"fnMap":{},"branchMap":{},"s":{"0":1,"1":1,"2":1},"f":{},"b":{},"_coverageSchema":"1a1c01bbd47fc00a2c39e90264f33305004495a9","hash":"4fdafcd16e66670d4d3c7e46b7943bb46b73979c"}
,"C:\\Users\\BerkayKarakoc\\Desktop\\todo\\services\\api\\routes\\routes.js": {"path":"C:\\Users\\BerkayKarakoc\\Desktop\\todo\\services\\api\\routes\\routes.js","statementMap":{"0":{"start":{"line":1,"column":19},"end":{"line":1,"column":37}},"1":{"start":{"line":3,"column":23},"end":{"line":3,"column":64}},"2":{"start":{"line":5,"column":15},"end":{"line":5,"column":23}},"3":{"start":{"line":8,"column":17},"end":{"line":8,"column":62}},"4":{"start":{"line":11,"column":0},"end":{"line":11,"column":55}},"5":{"start":{"line":14,"column":0},"end":{"line":14,"column":55}},"6":{"start":{"line":17,"column":0},"end":{"line":17,"column":55}},"7":{"start":{"line":20,"column":0},"end":{"line":20,"column":57}},"8":{"start":{"line":23,"column":0},"end":{"line":23,"column":61}},"9":{"start":{"line":25,"column":0},"end":{"line":25,"column":24}}},"fnMap":{},"branchMap":{},"s":{"0":1,"1":1,"2":1,"3":1,"4":1,"5":1,"6":1,"7":1,"8":1,"9":1},"f":{},"b":{},"_coverageSchema":"1a1c01bbd47fc00a2c39e90264f33305004495a9","hash":"f9cefc6536edd28199d1f0d613aab8010a82cdc3"}
,"C:\\Users\\BerkayKarakoc\\Desktop\\todo\\services\\api\\server\\server.js": {"path":"C:\\Users\\BerkayKarakoc\\Desktop\\todo\\services\\api\\server\\server.js","statementMap":{"0":{"start":{"line":1,"column":16},"end":{"line":1,"column":34}},"1":{"start":{"line":2,"column":15},"end":{"line":2,"column":42}},"2":{"start":{"line":4,"column":15},"end":{"line":4,"column":24}},"3":{"start":{"line":6,"column":0},"end":{"line":6,"column":27}},"4":{"start":{"line":8,"column":0},"end":{"line":8,"column":27}},"5":{"start":{"line":10,"column":0},"end":{"line":10,"column":24}}},"fnMap":{},"branchMap":{},"s":{"0":1,"1":1,"2":1,"3":1,"4":1,"5":1},"f":{},"b":{},"_coverageSchema":"1a1c01bbd47fc00a2c39e90264f33305004495a9","hash":"c79fd321fc376c1a85651b74474d354e12c51cb6"}
,"C:\\Users\\BerkayKarakoc\\Desktop\\todo\\services\\api\\tests\\test-setup.js": {"path":"C:\\Users\\BerkayKarakoc\\Desktop\\todo\\services\\api\\tests\\test-setup.js","statementMap":{"0":{"start":{"line":2,"column":17},"end":{"line":2,"column":36}},"1":{"start":{"line":3,"column":0},"end":{"line":3,"column":37}},"2":{"start":{"line":4,"column":0},"end":{"line":4,"column":34}},"3":{"start":{"line":7,"column":24},"end":{"line":7,"column":68}},"4":{"start":{"line":8,"column":4},"end":{"line":11,"column":5}},"5":{"start":{"line":9,"column":27},"end":{"line":9,"column":74}},"6":{"start":{"line":10,"column":8},"end":{"line":10,"column":38}},"7":{"start":{"line":15,"column":24},"end":{"line":15,"column":68}},"8":{"start":{"line":16,"column":4},"end":{"line":33,"column":5}},"9":{"start":{"line":17,"column":27},"end":{"line":17,"column":74}},"10":{"start":{"line":18,"column":8},"end":{"line":32,"column":9}},"11":{"start":{"line":19,"column":12},"end":{"line":19,"column":36}},"12":{"start":{"line":22,"column":12},"end":{"line":22,"column":57}},"13":{"start":{"line":22,"column":50},"end":{"line":22,"column":57}},"14":{"start":{"line":25,"column":12},"end":{"line":30,"column":23}},"15":{"start":{"line":30,"column":16},"end":{"line":30,"column":23}},"16":{"start":{"line":31,"column":12},"end":{"line":31,"column":39}},"17":{"start":{"line":36,"column":0},"end":{"line":58,"column":2}},"18":{"start":{"line":39,"column":8},"end":{"line":45,"column":11}},"19":{"start":{"line":40,"column":24},"end":{"line":40,"column":61}},"20":{"start":{"line":41,"column":12},"end":{"line":44,"column":15}},"21":{"start":{"line":48,"column":8},"end":{"line":50,"column":11}},"22":{"start":{"line":49,"column":12},"end":{"line":49,"column":41}},"23":{"start":{"line":53,"column":8},"end":{"line":56,"column":11}},"24":{"start":{"line":54,"column":12},"end":{"line":54,"column":39}},"25":{"start":{"line":55,"column":12},"end":{"line":55,"column":46}}},"fnMap":{"0":{"name":"removeAllCollections","decl":{"start":{"line":6,"column":15},"end":{"line":6,"column":35}},"loc":{"start":{"line":6,"column":38},"end":{"line":12,"column":1}},"line":6},"1":{"name":"dropAllCollections","decl":{"start":{"line":14,"column":15},"end":{"line":14,"column":33}},"loc":{"start":{"line":14,"column":36},"end":{"line":34,"column":1}},"line":14},"2":{"name":"(anonymous_2)","decl":{"start":{"line":37,"column":4},"end":{"line":37,"column":5}},"loc":{"start":{"line":37,"column":26},"end":{"line":57,"column":5}},"line":37},"3":{"name":"(anonymous_3)","decl":{"start":{"line":39,"column":18},"end":{"line":39,"column":19}},"loc":{"start":{"line":39,"column":30},"end":{"line":45,"column":9}},"line":39},"4":{"name":"(anonymous_4)","decl":{"start":{"line":48,"column":18},"end":{"line":48,"column":19}},"loc":{"start":{"line":48,"column":30},"end":{"line":50,"column":9}},"line":48},"5":{"name":"(anonymous_5)","decl":{"start":{"line":53,"column":17},"end":{"line":53,"column":18}},"loc":{"start":{"line":53,"column":29},"end":{"line":56,"column":9}},"line":53}},"branchMap":{"0":{"loc":{"start":{"line":22,"column":12},"end":{"line":22,"column":57}},"type":"if","locations":[{"start":{"line":22,"column":12},"end":{"line":22,"column":57}},{"start":{"line":22,"column":12},"end":{"line":22,"column":57}}],"line":22},"1":{"loc":{"start":{"line":25,"column":12},"end":{"line":30,"column":23}},"type":"if","locations":[{"start":{"line":25,"column":12},"end":{"line":30,"column":23}},{"start":{"line":25,"column":12},"end":{"line":30,"column":23}}],"line":25}},"s":{"0":1,"1":1,"2":1,"3":5,"4":5,"5":5,"6":5,"7":1,"8":1,"9":1,"10":1,"11":1,"12":0,"13":0,"14":0,"15":0,"16":0,"17":1,"18":1,"19":1,"20":1,"21":1,"22":5,"23":1,"24":1,"25":1},"f":{"0":5,"1":1,"2":1,"3":1,"4":5,"5":1},"b":{"0":[0,0],"1":[0,0]},"_coverageSchema":"1a1c01bbd47fc00a2c39e90264f33305004495a9","hash":"b8415af2c0cd24bc1e9a624a4be0747e73f5c29e"}
}
