TN:
SF:index.js
FN:8,(anonymous_0)
FNF:1
FNH:0
FNDA:0,(anonymous_0)
DA:1,1
DA:3,1
DA:5,1
DA:7,1
DA:8,0
DA:9,0
DA:13,1
LF:7
LH:5
BRDA:7,0,0,0
BRDA:7,0,1,1
BRF:2
BRH:1
end_of_record
TN:
SF:connections\database-connection.js
FN:10,(anonymous_0)
FN:11,(anonymous_1)
FNF:2
FNH:1
FNDA:0,(anonymous_0)
FNDA:1,(anonymous_1)
DA:1,1
DA:3,1
DA:8,1
DA:10,1
DA:11,1
DA:12,1
DA:15,1
LF:7
LH:7
BRF:0
BRH:0
end_of_record
TN:
SF:controllers\todo-controller.js
FN:4,(anonymous_0)
FN:4,(anonymous_1)
FN:5,(anonymous_2)
FN:12,(anonymous_3)
FN:12,(anonymous_4)
FN:15,(anonymous_5)
FN:22,(anonymous_6)
FN:22,(anonymous_7)
FN:24,(anonymous_8)
FN:31,(anonymous_9)
FN:31,(anonymous_10)
FN:33,(anonymous_11)
FN:36,(anonymous_12)
FN:44,(anonymous_13)
FN:44,(anonymous_14)
FN:46,(anonymous_15)
FNF:16
FNH:16
FNDA:1,(anonymous_0)
FNDA:3,(anonymous_1)
FNDA:3,(anonymous_2)
FNDA:1,(anonymous_3)
FNDA:6,(anonymous_4)
FNDA:6,(anonymous_5)
FNDA:1,(anonymous_6)
FNDA:2,(anonymous_7)
FNDA:2,(anonymous_8)
FNDA:1,(anonymous_9)
FNDA:2,(anonymous_10)
FNDA:2,(anonymous_11)
FNDA:1,(anonymous_12)
FNDA:1,(anonymous_13)
FNDA:2,(anonymous_14)
FNDA:2,(anonymous_15)
DA:1,1
DA:4,1
DA:5,3
DA:6,3
DA:7,3
DA:12,1
DA:13,6
DA:14,6
DA:15,6
DA:16,6
DA:17,5
DA:22,1
DA:23,2
DA:24,2
DA:25,2
DA:26,1
DA:31,1
DA:32,2
DA:33,2
DA:34,2
DA:35,1
DA:36,1
DA:37,1
DA:38,1
DA:44,1
DA:45,2
DA:46,2
DA:47,2
DA:48,1
DA:52,1
LF:30
LH:30
BRDA:6,0,0,0
BRDA:6,0,1,3
BRDA:16,1,0,1
BRDA:16,1,1,5
BRDA:25,2,0,1
BRDA:25,2,1,1
BRDA:34,3,0,1
BRDA:34,3,1,1
BRDA:37,4,0,0
BRDA:37,4,1,1
BRDA:47,5,0,1
BRDA:47,5,1,1
BRF:12
BRH:10
end_of_record
TN:
SF:models\Todo.js
FNF:0
FNH:0
DA:1,1
DA:3,1
DA:14,1
LF:3
LH:3
BRF:0
BRH:0
end_of_record
TN:
SF:routes\routes.js
FNF:0
FNH:0
DA:1,1
DA:3,1
DA:5,1
DA:8,1
DA:11,1
DA:14,1
DA:17,1
DA:20,1
DA:23,1
DA:25,1
LF:10
LH:10
BRF:0
BRH:0
end_of_record
TN:
SF:server\server.js
FNF:0
FNH:0
DA:1,1
DA:2,1
DA:4,1
DA:6,1
DA:8,1
DA:10,1
LF:6
LH:6
BRF:0
BRH:0
end_of_record
TN:
SF:tests\test-setup.js
FN:6,removeAllCollections
FN:14,dropAllCollections
FN:37,(anonymous_2)
FN:39,(anonymous_3)
FN:48,(anonymous_4)
FN:53,(anonymous_5)
FNF:6
FNH:6
FNDA:5,removeAllCollections
FNDA:1,dropAllCollections
FNDA:1,(anonymous_2)
FNDA:1,(anonymous_3)
FNDA:5,(anonymous_4)
FNDA:1,(anonymous_5)
DA:2,1
DA:3,1
DA:4,1
DA:7,5
DA:8,5
DA:9,5
DA:10,5
DA:15,1
DA:16,1
DA:17,1
DA:18,1
DA:19,1
DA:22,0
DA:25,0
DA:30,0
DA:31,0
DA:36,1
DA:39,1
DA:40,1
DA:41,1
DA:48,1
DA:49,5
DA:53,1
DA:54,1
DA:55,1
LF:25
LH:21
BRDA:22,0,0,0
BRDA:22,0,1,0
BRDA:25,1,0,0
BRDA:25,1,1,0
BRF:4
BRH:0
end_of_record
